C:\USERS\JAKE\DOCUMENTS\VISUAL STUDIO 2010\PROJECTS\CAVEIN\CAVEIN\RELEASE\GAMETIMER.OBJ
C:\USERS\JAKE\DOCUMENTS\VISUAL STUDIO 2010\PROJECTS\CAVEIN\CAVEIN\RELEASE\PCMWAVE.OBJ
C:\USERS\JAKE\DOCUMENTS\VISUAL STUDIO 2010\PROJECTS\CAVEIN\CAVEIN\RELEASE\WAVEFILEMANAGER.OBJ
E:\VISUAL STUDIO 2010 PROJECT\CAVEIN\RELEASE\BATS.OBJ
E:\VISUAL STUDIO 2010 PROJECT\CAVEIN\RELEASE\BEAR.OBJ
E:\VISUAL STUDIO 2010 PROJECT\CAVEIN\RELEASE\CAVEIN.EXE.INTERMEDIATE.MANIFEST
E:\Visual Studio 2010 Project\CaveIn\Release\CaveIn.vcxprojResolveAssemblyReference.cache
E:\Visual Studio 2010 Project\CaveIn\Release\CaveIn.write.1.tlog
E:\Visual Studio 2010 Project\CaveIn\Release\cl.command.1.tlog
E:\Visual Studio 2010 Project\CaveIn\Release\CL.read.1.tlog
E:\Visual Studio 2010 Project\CaveIn\Release\CL.write.1.tlog
E:\VISUAL STUDIO 2010 PROJECT\CAVEIN\RELEASE\DIRECTIONS.OBJ
E:\VISUAL STUDIO 2010 PROJECT\CAVEIN\RELEASE\DRIP.OBJ
E:\VISUAL STUDIO 2010 PROJECT\CAVEIN\RELEASE\FINISH.OBJ
E:\VISUAL STUDIO 2010 PROJECT\CAVEIN\RELEASE\GAMETIMER.OBJ
E:\VISUAL STUDIO 2010 PROJECT\CAVEIN\RELEASE\HORROR.OBJ
E:\Visual Studio 2010 Project\CaveIn\Release\link.command.1.tlog
E:\Visual Studio 2010 Project\CaveIn\Release\link.read.1.tlog
E:\Visual Studio 2010 Project\CaveIn\Release\link.write.1.tlog
E:\VISUAL STUDIO 2010 PROJECT\CAVEIN\RELEASE\MAIN.OBJ
E:\Visual Studio 2010 Project\CaveIn\Release\mt.command.1.tlog
E:\Visual Studio 2010 Project\CaveIn\Release\mt.read.1.tlog
E:\Visual Studio 2010 Project\CaveIn\Release\mt.write.1.tlog
E:\VISUAL STUDIO 2010 PROJECT\CAVEIN\RELEASE\PATH.OBJ
E:\VISUAL STUDIO 2010 PROJECT\CAVEIN\RELEASE\PCMWAVE.OBJ
E:\VISUAL STUDIO 2010 PROJECT\CAVEIN\RELEASE\PLAYER.OBJ
E:\VISUAL STUDIO 2010 PROJECT\CAVEIN\RELEASE\RATS.OBJ
E:\VISUAL STUDIO 2010 PROJECT\CAVEIN\RELEASE\ROCKS.OBJ
E:\VISUAL STUDIO 2010 PROJECT\CAVEIN\RELEASE\SHUFFLE.OBJ
E:\VISUAL STUDIO 2010 PROJECT\CAVEIN\RELEASE\SOUNDCUES.OBJ
E:\VISUAL STUDIO 2010 PROJECT\CAVEIN\RELEASE\SOUNDSCAPE.OBJ
E:\VISUAL STUDIO 2010 PROJECT\CAVEIN\RELEASE\START.OBJ
E:\VISUAL STUDIO 2010 PROJECT\CAVEIN\RELEASE\VC100.PDB
E:\VISUAL STUDIO 2010 PROJECT\CAVEIN\RELEASE\WALKING.OBJ
E:\VISUAL STUDIO 2010 PROJECT\CAVEIN\RELEASE\WALL.OBJ
E:\VISUAL STUDIO 2010 PROJECT\CAVEIN\RELEASE\WATER.OBJ
E:\VISUAL STUDIO 2010 PROJECT\CAVEIN\RELEASE\WAVEFILEMANAGER.OBJ
E:\VISUAL STUDIO 2010 PROJECT\CAVEIN\RELEASE\WINCORE.OBJ
E:\VISUAL STUDIO 2010 PROJECT\CAVEIN\RELEASE\XACORE.OBJ
E:\VISUAL STUDIO 2010 PROJECT\CAVEIN\RELEASE\XASOUND.OBJ
E:\VISUAL STUDIO 2010 PROJECT\RELEASE\CAVEIN.EXE
E:\VISUAL STUDIO 2010 PROJECT\RELEASE\CAVEIN.PDB
G:\CAVEIN\CAVEIN\RELEASE\BATS.OBJ
G:\CAVEIN\CAVEIN\RELEASE\BEAR.OBJ
G:\CAVEIN\CAVEIN\RELEASE\CAVEIN.EXE.INTERMEDIATE.MANIFEST
G:\CAVEIN\CAVEIN\RELEASE\DIRECTIONS.OBJ
G:\CAVEIN\CAVEIN\RELEASE\DRIP.OBJ
G:\CAVEIN\CAVEIN\RELEASE\FINISH.OBJ
G:\CAVEIN\CAVEIN\RELEASE\GAMETIMER.OBJ
G:\CAVEIN\CAVEIN\RELEASE\HORROR.OBJ
G:\CAVEIN\CAVEIN\RELEASE\MAIN.OBJ
G:\CAVEIN\CAVEIN\RELEASE\PATH.OBJ
G:\CAVEIN\CAVEIN\RELEASE\PCMWAVE.OBJ
G:\CAVEIN\CAVEIN\RELEASE\PLAYER.OBJ
G:\CAVEIN\CAVEIN\RELEASE\RATS.OBJ
G:\CAVEIN\CAVEIN\RELEASE\ROCKS.OBJ
G:\CAVEIN\CAVEIN\RELEASE\SHUFFLE.OBJ
G:\CAVEIN\CAVEIN\RELEASE\SOUNDCUES.OBJ
G:\CAVEIN\CAVEIN\RELEASE\SOUNDSCAPE.OBJ
G:\CAVEIN\CAVEIN\RELEASE\START.OBJ
G:\CAVEIN\CAVEIN\RELEASE\VC100.PDB
G:\CAVEIN\CAVEIN\RELEASE\WALKING.OBJ
G:\CAVEIN\CAVEIN\RELEASE\WALL.OBJ
G:\CAVEIN\CAVEIN\RELEASE\WATER.OBJ
G:\CAVEIN\CAVEIN\RELEASE\WAVEFILEMANAGER.OBJ
G:\CAVEIN\CAVEIN\RELEASE\WINCORE.OBJ
G:\CAVEIN\CAVEIN\RELEASE\XACORE.OBJ
G:\CAVEIN\CAVEIN\RELEASE\XASOUND.OBJ
G:\CAVEIN\RELEASE\CAVEIN.EXE
G:\CAVEIN\RELEASE\CAVEIN.PDB
G:\VISUAL STUDIO 2010 PROJECT\CAVEIN\RELEASE\BATS.OBJ
G:\VISUAL STUDIO 2010 PROJECT\CAVEIN\RELEASE\BEAR.OBJ
G:\VISUAL STUDIO 2010 PROJECT\CAVEIN\RELEASE\CAVEIN.EXE.INTERMEDIATE.MANIFEST
G:\VISUAL STUDIO 2010 PROJECT\CAVEIN\RELEASE\DIRECTIONS.OBJ
G:\VISUAL STUDIO 2010 PROJECT\CAVEIN\RELEASE\DRIP.OBJ
G:\VISUAL STUDIO 2010 PROJECT\CAVEIN\RELEASE\FINISH.OBJ
G:\VISUAL STUDIO 2010 PROJECT\CAVEIN\RELEASE\GAMETIMER.OBJ
G:\VISUAL STUDIO 2010 PROJECT\CAVEIN\RELEASE\HORROR.OBJ
G:\VISUAL STUDIO 2010 PROJECT\CAVEIN\RELEASE\MAIN.OBJ
G:\VISUAL STUDIO 2010 PROJECT\CAVEIN\RELEASE\PATH.OBJ
G:\VISUAL STUDIO 2010 PROJECT\CAVEIN\RELEASE\PCMWAVE.OBJ
G:\VISUAL STUDIO 2010 PROJECT\CAVEIN\RELEASE\PLAYER.OBJ
G:\VISUAL STUDIO 2010 PROJECT\CAVEIN\RELEASE\RATS.OBJ
G:\VISUAL STUDIO 2010 PROJECT\CAVEIN\RELEASE\ROCKS.OBJ
G:\VISUAL STUDIO 2010 PROJECT\CAVEIN\RELEASE\SHUFFLE.OBJ
G:\VISUAL STUDIO 2010 PROJECT\CAVEIN\RELEASE\SOUNDCUES.OBJ
G:\VISUAL STUDIO 2010 PROJECT\CAVEIN\RELEASE\SOUNDSCAPE.OBJ
G:\VISUAL STUDIO 2010 PROJECT\CAVEIN\RELEASE\START.OBJ
G:\VISUAL STUDIO 2010 PROJECT\CAVEIN\RELEASE\VC100.PDB
G:\VISUAL STUDIO 2010 PROJECT\CAVEIN\RELEASE\WALKING.OBJ
G:\VISUAL STUDIO 2010 PROJECT\CAVEIN\RELEASE\WALL.OBJ
G:\VISUAL STUDIO 2010 PROJECT\CAVEIN\RELEASE\WATER.OBJ
G:\VISUAL STUDIO 2010 PROJECT\CAVEIN\RELEASE\WAVEFILEMANAGER.OBJ
G:\VISUAL STUDIO 2010 PROJECT\CAVEIN\RELEASE\WINCORE.OBJ
G:\VISUAL STUDIO 2010 PROJECT\CAVEIN\RELEASE\XACORE.OBJ
G:\VISUAL STUDIO 2010 PROJECT\CAVEIN\RELEASE\XASOUND.OBJ
G:\VISUAL STUDIO 2010 PROJECT\RELEASE\CAVEIN.EXE
G:\VISUAL STUDIO 2010 PROJECT\RELEASE\CAVEIN.PDB
