C:\USERS\JAKE\DOCUMENTS\VISUAL STUDIO 2010\PROJECTS\CAVEIN\CAVEIN\DEBUG\BATS.OBJ
C:\USERS\JAKE\DOCUMENTS\VISUAL STUDIO 2010\PROJECTS\CAVEIN\CAVEIN\DEBUG\BEAR.OBJ
C:\USERS\JAKE\DOCUMENTS\VISUAL STUDIO 2010\PROJECTS\CAVEIN\CAVEIN\DEBUG\CAVEIN.EXE.EMBED.MANIFEST
C:\USERS\JAKE\DOCUMENTS\VISUAL STUDIO 2010\PROJECTS\CAVEIN\CAVEIN\DEBUG\CAVEIN.EXE.EMBED.MANIFEST.RES
C:\USERS\JAKE\DOCUMENTS\VISUAL STUDIO 2010\PROJECTS\CAVEIN\CAVEIN\DEBUG\CAVEIN.EXE.INTERMEDIATE.MANIFEST
C:\USERS\JAKE\DOCUMENTS\VISUAL STUDIO 2010\PROJECTS\CAVEIN\CAVEIN\DEBUG\DIRECTIONS.OBJ
C:\USERS\JAKE\DOCUMENTS\VISUAL STUDIO 2010\PROJECTS\CAVEIN\CAVEIN\DEBUG\DRIP.OBJ
C:\USERS\JAKE\DOCUMENTS\VISUAL STUDIO 2010\PROJECTS\CAVEIN\CAVEIN\DEBUG\FINISH.OBJ
C:\USERS\JAKE\DOCUMENTS\VISUAL STUDIO 2010\PROJECTS\CAVEIN\CAVEIN\DEBUG\GAMETIMER.OBJ
C:\USERS\JAKE\DOCUMENTS\VISUAL STUDIO 2010\PROJECTS\CAVEIN\CAVEIN\DEBUG\HORROR.OBJ
C:\USERS\JAKE\DOCUMENTS\VISUAL STUDIO 2010\PROJECTS\CAVEIN\CAVEIN\DEBUG\MAIN.OBJ
C:\USERS\JAKE\DOCUMENTS\VISUAL STUDIO 2010\PROJECTS\CAVEIN\CAVEIN\DEBUG\PATH.OBJ
C:\USERS\JAKE\DOCUMENTS\VISUAL STUDIO 2010\PROJECTS\CAVEIN\CAVEIN\DEBUG\PCMWAVE.OBJ
C:\USERS\JAKE\DOCUMENTS\VISUAL STUDIO 2010\PROJECTS\CAVEIN\CAVEIN\DEBUG\PLAYER.OBJ
C:\USERS\JAKE\DOCUMENTS\VISUAL STUDIO 2010\PROJECTS\CAVEIN\CAVEIN\DEBUG\RATS.OBJ
C:\USERS\JAKE\DOCUMENTS\VISUAL STUDIO 2010\PROJECTS\CAVEIN\CAVEIN\DEBUG\ROCKS.OBJ
C:\USERS\JAKE\DOCUMENTS\VISUAL STUDIO 2010\PROJECTS\CAVEIN\CAVEIN\DEBUG\SHUFFLE.OBJ
C:\USERS\JAKE\DOCUMENTS\VISUAL STUDIO 2010\PROJECTS\CAVEIN\CAVEIN\DEBUG\SOUNDCUES.OBJ
C:\USERS\JAKE\DOCUMENTS\VISUAL STUDIO 2010\PROJECTS\CAVEIN\CAVEIN\DEBUG\SOUNDSCAPE.OBJ
C:\USERS\JAKE\DOCUMENTS\VISUAL STUDIO 2010\PROJECTS\CAVEIN\CAVEIN\DEBUG\START.OBJ
C:\USERS\JAKE\DOCUMENTS\VISUAL STUDIO 2010\PROJECTS\CAVEIN\CAVEIN\DEBUG\VC100.PDB
C:\USERS\JAKE\DOCUMENTS\VISUAL STUDIO 2010\PROJECTS\CAVEIN\CAVEIN\DEBUG\WALKING.OBJ
C:\USERS\JAKE\DOCUMENTS\VISUAL STUDIO 2010\PROJECTS\CAVEIN\CAVEIN\DEBUG\WALL.OBJ
C:\USERS\JAKE\DOCUMENTS\VISUAL STUDIO 2010\PROJECTS\CAVEIN\CAVEIN\DEBUG\WATER.OBJ
C:\USERS\JAKE\DOCUMENTS\VISUAL STUDIO 2010\PROJECTS\CAVEIN\CAVEIN\DEBUG\WAVEFILEMANAGER.OBJ
C:\USERS\JAKE\DOCUMENTS\VISUAL STUDIO 2010\PROJECTS\CAVEIN\CAVEIN\DEBUG\WINCORE.OBJ
C:\USERS\JAKE\DOCUMENTS\VISUAL STUDIO 2010\PROJECTS\CAVEIN\CAVEIN\DEBUG\XACORE.OBJ
C:\USERS\JAKE\DOCUMENTS\VISUAL STUDIO 2010\PROJECTS\CAVEIN\CAVEIN\DEBUG\XASOUND.OBJ
C:\USERS\JAKE\DOCUMENTS\VISUAL STUDIO 2010\PROJECTS\CAVEIN\DEBUG\CAVEIN.EXE
C:\USERS\JAKE\DOCUMENTS\VISUAL STUDIO 2010\PROJECTS\CAVEIN\DEBUG\CAVEIN.ILK
C:\USERS\JAKE\DOCUMENTS\VISUAL STUDIO 2010\PROJECTS\CAVEIN\DEBUG\CAVEIN.PDB
F:\CAVEIN\CAVEIN\DEBUG\BATS.OBJ
F:\CAVEIN\CAVEIN\DEBUG\BEAR.OBJ
F:\CAVEIN\CAVEIN\DEBUG\CAVEIN.EXE.EMBED.MANIFEST.RES
F:\CAVEIN\CAVEIN\DEBUG\CAVEIN.EXE.INTERMEDIATE.MANIFEST
F:\CAVEIN\CAVEIN\DEBUG\DIRECTIONS.OBJ
F:\CAVEIN\CAVEIN\DEBUG\DRIP.OBJ
F:\CAVEIN\CAVEIN\DEBUG\FINISH.OBJ
F:\CAVEIN\CAVEIN\DEBUG\GAMETIMER.OBJ
F:\CAVEIN\CAVEIN\DEBUG\HORROR.OBJ
F:\CAVEIN\CAVEIN\DEBUG\MAIN.OBJ
F:\CAVEIN\CAVEIN\DEBUG\PATH.OBJ
F:\CAVEIN\CAVEIN\DEBUG\PCMWAVE.OBJ
F:\CAVEIN\CAVEIN\DEBUG\PLAYER.OBJ
F:\CAVEIN\CAVEIN\DEBUG\RATS.OBJ
F:\CAVEIN\CAVEIN\DEBUG\ROCKS.OBJ
F:\CAVEIN\CAVEIN\DEBUG\SHUFFLE.OBJ
F:\CAVEIN\CAVEIN\DEBUG\SOUNDCUES.OBJ
F:\CAVEIN\CAVEIN\DEBUG\SOUNDSCAPE.OBJ
F:\CAVEIN\CAVEIN\DEBUG\START.OBJ
F:\CAVEIN\CAVEIN\DEBUG\VC100.PDB
F:\CAVEIN\CAVEIN\DEBUG\WALKING.OBJ
F:\CAVEIN\CAVEIN\DEBUG\WALL.OBJ
F:\CAVEIN\CAVEIN\DEBUG\WATER.OBJ
F:\CAVEIN\CAVEIN\DEBUG\WAVEFILEMANAGER.OBJ
F:\CAVEIN\CAVEIN\DEBUG\WINCORE.OBJ
F:\CAVEIN\CAVEIN\DEBUG\XACORE.OBJ
F:\CAVEIN\CAVEIN\DEBUG\XASOUND.OBJ
F:\CAVEIN\DEBUG\CAVEIN.EXE
F:\CAVEIN\DEBUG\CAVEIN.ILK
F:\CAVEIN\DEBUG\CAVEIN.PDB
G:\CaveIn\CaveIn\Debug\Bats.obj
G:\CaveIn\CaveIn\Debug\Bear.obj
G:\CaveIn\CaveIn\Debug\CaveIn.exe.embed.manifest
G:\CaveIn\CaveIn\Debug\CaveIn.exe.embed.manifest.res
G:\CaveIn\CaveIn\Debug\CaveIn.exe.intermediate.manifest
G:\CaveIn\CaveIn\Debug\CaveIn.vcxprojResolveAssemblyReference.cache
G:\CaveIn\CaveIn\Debug\CaveIn.write.1.tlog
G:\CaveIn\CaveIn\Debug\CaveIn_manifest.rc
G:\CaveIn\CaveIn\Debug\cl.command.1.tlog
G:\CaveIn\CaveIn\Debug\CL.read.1.tlog
G:\CaveIn\CaveIn\Debug\CL.write.1.tlog
G:\CaveIn\CaveIn\Debug\Directions.obj
G:\CaveIn\CaveIn\Debug\Drip.obj
G:\CaveIn\CaveIn\Debug\Finish.obj
G:\CaveIn\CaveIn\Debug\GameTimer.obj
G:\CaveIn\CaveIn\Debug\Horror.obj
G:\CaveIn\CaveIn\Debug\link.1428.read.1.tlog
G:\CaveIn\CaveIn\Debug\link.1428.write.1.tlog
G:\CaveIn\CaveIn\Debug\link.1428-cvtres.read.1.tlog
G:\CaveIn\CaveIn\Debug\link.1428-cvtres.write.1.tlog
G:\CaveIn\CaveIn\Debug\link.2536.read.1.tlog
G:\CaveIn\CaveIn\Debug\link.2536.write.1.tlog
G:\CaveIn\CaveIn\Debug\link.2536-cvtres.read.1.tlog
G:\CaveIn\CaveIn\Debug\link.2536-cvtres.write.1.tlog
G:\CaveIn\CaveIn\Debug\link.2920.read.1.tlog
G:\CaveIn\CaveIn\Debug\link.2920.write.1.tlog
G:\CaveIn\CaveIn\Debug\link.2920-cvtres.read.1.tlog
G:\CaveIn\CaveIn\Debug\link.2920-cvtres.write.1.tlog
G:\CaveIn\CaveIn\Debug\link.6488.read.1.tlog
G:\CaveIn\CaveIn\Debug\link.6488.write.1.tlog
G:\CaveIn\CaveIn\Debug\link.6488-cvtres.read.1.tlog
G:\CaveIn\CaveIn\Debug\link.6488-cvtres.write.1.tlog
G:\CaveIn\CaveIn\Debug\link.9132.read.1.tlog
G:\CaveIn\CaveIn\Debug\link.9132.write.1.tlog
G:\CaveIn\CaveIn\Debug\link.9132-cvtres.read.1.tlog
G:\CaveIn\CaveIn\Debug\link.9132-cvtres.write.1.tlog
G:\CaveIn\CaveIn\Debug\link.command.1.tlog
G:\CaveIn\CaveIn\Debug\link.read.1.tlog
G:\CaveIn\CaveIn\Debug\link.write.1.tlog
G:\CaveIn\CaveIn\Debug\link-cvtres.read.1.tlog
G:\CaveIn\CaveIn\Debug\link-cvtres.write.1.tlog
G:\CaveIn\CaveIn\Debug\Main.obj
G:\CaveIn\CaveIn\Debug\mt.command.1.tlog
G:\CaveIn\CaveIn\Debug\mt.read.1.tlog
G:\CaveIn\CaveIn\Debug\mt.write.1.tlog
G:\CaveIn\CaveIn\Debug\Path.obj
G:\CaveIn\CaveIn\Debug\PCMWave.obj
G:\CaveIn\CaveIn\Debug\Player.obj
G:\CaveIn\CaveIn\Debug\Rats.obj
G:\CaveIn\CaveIn\Debug\rc.command.1.tlog
G:\CaveIn\CaveIn\Debug\rc.read.1.tlog
G:\CaveIn\CaveIn\Debug\rc.write.1.tlog
G:\CaveIn\CaveIn\Debug\Rocks.obj
G:\CaveIn\CaveIn\Debug\Shuffle.obj
G:\CaveIn\CaveIn\Debug\SoundCues.obj
G:\CaveIn\CaveIn\Debug\Soundscape.obj
G:\CaveIn\CaveIn\Debug\Start.obj
G:\CaveIn\CaveIn\Debug\vc100.idb
G:\CaveIn\CaveIn\Debug\vc100.pdb
G:\CaveIn\CaveIn\Debug\Walking.obj
G:\CaveIn\CaveIn\Debug\Wall.obj
G:\CaveIn\CaveIn\Debug\Water.obj
G:\CaveIn\CaveIn\Debug\WaveFileManager.obj
G:\CaveIn\CaveIn\Debug\WinCore.obj
G:\CaveIn\CaveIn\Debug\XACore.obj
G:\CaveIn\CaveIn\Debug\XASound.obj
G:\CaveIn\Debug\CaveIn.exe
G:\CaveIn\Debug\CaveIn.ilk
G:\CaveIn\Debug\CaveIn.pdb
