Build started 6/4/2013 1:08:42 PM.
     1>Project "C:\Users\Jake\Desktop\Visual Studio 2010 Project\CaveIn\CaveIn.vcxproj" on node 2 (build target(s)).
     1>InitializeBuildStatus:
         Creating "Debug\CaveIn.unsuccessfulbuild" because "AlwaysCreate" was specified.
       ClCompile:
         c:\Program Files (x86)\Microsoft Visual Studio 10.0\VC\bin\CL.exe /c /ZI /nologo /W3 /WX- /Od /Oy- /D WIN32 /D _DEBUG /D _WINDOWS /D _MBCS /Gm /EHsc /RTC1 /MDd /GS /fp:precise /Zc:wchar_t /Zc:forScope /Fo"Debug\\" /Fd"Debug\vc100.pdb" /Gd /TP /analyze- /errorReport:prompt Source\Bats.cpp Source\Bear.cpp Source\Directions.cpp Source\Finish.cpp Source\Drip.cpp Source\Horror.cpp Source\Path.cpp Source\Rats.cpp Source\GameTimer.cpp Source\Main.cpp Source\PCMWave.cpp Source\Rocks.cpp Source\Shuffle.cpp Source\SoundCues.cpp Source\Soundscape.cpp Source\Start.cpp Source\Walking.cpp Source\Wall.cpp Source\Water.cpp Source\WaveFileManager.cpp Source\WinCore.cpp Source\Player.cpp Source\XACore.cpp Source\XASound.cpp
         XASound.cpp
         XACore.cpp
         Player.cpp
         WinCore.cpp
         WaveFileManager.cpp
         Water.cpp
         Wall.cpp
         Walking.cpp
         Start.cpp
         Soundscape.cpp
         SoundCues.cpp
         Shuffle.cpp
         Rocks.cpp
         PCMWave.cpp
         Main.cpp
     1>c:\users\jake\desktop\visual studio 2010 project\cavein\source\main.cpp(44): warning C4244: 'argument' : conversion from 'time_t' to 'unsigned int', possible loss of data
         GameTimer.cpp
         Rats.cpp
         Path.cpp
         Horror.cpp
         Drip.cpp
     1>c:\users\jake\desktop\visual studio 2010 project\cavein\source\drip.cpp(106): warning C4244: 'argument' : conversion from 'time_t' to 'unsigned int', possible loss of data
         Generating Code...
         Compiling...
         Finish.cpp
         Directions.cpp
         Bear.cpp
         Bats.cpp
         Generating Code...
       ManifestResourceCompile:
         C:\Program Files (x86)\Microsoft SDKs\Windows\v7.0A\bin\rc.exe /nologo /fo"Debug\CaveIn.exe.embed.manifest.res" Debug\CaveIn_manifest.rc 
       Link:
         c:\Program Files (x86)\Microsoft Visual Studio 10.0\VC\bin\link.exe /ERRORREPORT:PROMPT /OUT:"C:\Users\Jake\Desktop\Visual Studio 2010 Project\Debug\CaveIn.exe" /INCREMENTAL /NOLOGO kernel32.lib user32.lib gdi32.lib winspool.lib comdlg32.lib advapi32.lib shell32.lib ole32.lib oleaut32.lib uuid.lib odbc32.lib odbccp32.lib kernel32.lib user32.lib gdi32.lib winspool.lib comdlg32.lib advapi32.lib shell32.lib ole32.lib oleaut32.lib uuid.lib odbc32.lib odbccp32.lib XAPOBaseD.lib x3daudio.lib /MANIFEST /ManifestFile:"Debug\CaveIn.exe.intermediate.manifest" /MANIFESTUAC:"level='asInvoker' uiAccess='false'" /DEBUG /PDB:"C:\Users\Jake\Desktop\Visual Studio 2010 Project\Debug\CaveIn.pdb" /SUBSYSTEM:WINDOWS /TLBID:1 /DYNAMICBASE /NXCOMPAT /IMPLIB:"C:\Users\Jake\Desktop\Visual Studio 2010 Project\Debug\CaveIn.lib" /MACHINE:X86 Debug\CaveIn.exe.embed.manifest.res
         Debug\Bats.obj
         Debug\Bear.obj
         Debug\Directions.obj
         Debug\Finish.obj
         Debug\Drip.obj
         Debug\Horror.obj
         Debug\Path.obj
         Debug\Rats.obj
         Debug\GameTimer.obj
         Debug\Main.obj
         Debug\PCMWave.obj
         Debug\Rocks.obj
         Debug\Shuffle.obj
         Debug\SoundCues.obj
         Debug\Soundscape.obj
         Debug\Start.obj
         Debug\Walking.obj
         Debug\Wall.obj
         Debug\Water.obj
         Debug\WaveFileManager.obj
         Debug\WinCore.obj
         Debug\Player.obj
         Debug\XACore.obj
         Debug\XASound.obj
       Manifest:
         C:\Program Files (x86)\Microsoft SDKs\Windows\v7.0A\bin\mt.exe /nologo /verbose /out:"Debug\CaveIn.exe.embed.manifest" /manifest Debug\CaveIn.exe.intermediate.manifest
         All outputs are up-to-date.
       LinkEmbedManifest:
         All outputs are up-to-date.
         CaveIn.vcxproj -> C:\Users\Jake\Desktop\Visual Studio 2010 Project\Debug\CaveIn.exe
       FinalizeBuildStatus:
         Deleting file "Debug\CaveIn.unsuccessfulbuild".
         Touching "Debug\CaveIn.lastbuildstate".
     1>Done Building Project "C:\Users\Jake\Desktop\Visual Studio 2010 Project\CaveIn\CaveIn.vcxproj" (build target(s)).

Build succeeded.

Time Elapsed 00:00:49.19
